<?xml version="1.0" encoding="UTF-8"?>
<!-- Generated by org.testng.reporters.JUnitReportReporter -->
<testsuite hostname="Vinod-Acer" name="Testpages.SampleTest" tests="1" failures="0" timestamp="18 Jun 2018 15:21:10 GMT" time="23.629" errors="0">
  <testcase name="GoogleHome" time="23.629" classname="Testpages.SampleTest"/>
</testsuite> <!-- Testpages.SampleTest -->
