<?xml version="1.0" encoding="UTF-8"?>
<!-- Generated by org.testng.reporters.JUnitReportReporter -->
<testsuite hostname="Vinod-Acer" name="test" tests="1" failures="0" timestamp="18 Jun 2018 15:12:26 GMT" time="24.874" errors="0">
  <testcase name="test1" time="24.874" classname="test"/>
</testsuite> <!-- test -->
